Running tests ...
[1A[KRunning 37 tests in 1 runtime ...
[1A[K[1m[32m37 tests, 37 assertions, 1 runtime ... OK[0m
-------------------|-----------|-----------|-----------|-----------|
File               |   % Stmts |% Branches |   % Funcs |   % Lines |
-------------------|-----------|-----------|-----------|-----------|
   lib/            |       100 |       100 |       100 |       100 |
      ae86.js      |       100 |       100 |       100 |       100 |
      cli.js       |       100 |       100 |       100 |       100 |
      engine.js    |       100 |       100 |       100 |       100 |
      functions.js |       100 |       100 |       100 |       100 |
-------------------|-----------|-----------|-----------|-----------|
All files          |       100 |       100 |       100 |       100 |
-------------------|-----------|-----------|-----------|-----------|


=============================== Coverage summary ===============================
Statements   : 100% ( 138/138 )
Branches     : 100% ( 41/41 )
Functions    : 100% ( 52/52 )
Lines        : 100% ( 138/138 )
================================================================================
